1619470323375	geckodriver	INFO	Listening on 127.0.0.1:40095
1619470324388	mozrunner::runner	INFO	Running command: "/usr/bin/firefox" "--marionette" "--no-sandbox" "--disable-dev-shm-usage" "-foreground" "-no-remote" "-profile" "/tmp/rust_mozprofileNvIPnS"
console.warn: SearchSettings: "get: No settings file exists, new profile?" (new Error("", "(unknown module)"))
1619470331183	Marionette	INFO	Listening on port 37607
1619470331315	Marionette	WARN	TLS certificate errors will be ignored for this session
1619470336358	Marionette	INFO	Stopped listening on port 37607
1619470662365	geckodriver	INFO	Listening on 127.0.0.1:48877
1619470663378	mozrunner::runner	INFO	Running command: "/usr/bin/firefox" "--marionette" "--no-sandbox" "--disable-dev-shm-usage" "-foreground" "-no-remote" "-profile" "/tmp/rust_mozprofileXpvQar"
console.warn: SearchSettings: "get: No settings file exists, new profile?" (new Error("", "(unknown module)"))
1619470667529	Marionette	INFO	Listening on port 35237
1619470667614	Marionette	WARN	TLS certificate errors will be ignored for this session
1619470672653	Marionette	INFO	Stopped listening on port 35237
1619470757054	geckodriver	INFO	Listening on 127.0.0.1:39539
1619470758068	mozrunner::runner	INFO	Running command: "/usr/bin/firefox" "--marionette" "--no-sandbox" "--disable-dev-shm-usage" "-foreground" "-no-remote" "-profile" "/tmp/rust_mozprofileGtym0i"
console.warn: SearchSettings: "get: No settings file exists, new profile?" (new Error("", "(unknown module)"))
1619470762064	Marionette	INFO	Listening on port 40189
1619470762110	Marionette	WARN	TLS certificate errors will be ignored for this session
1619470767182	Marionette	INFO	Stopped listening on port 40189
1619470787984	geckodriver	INFO	Listening on 127.0.0.1:34065
1619470788998	mozrunner::runner	INFO	Running command: "/usr/bin/firefox" "--marionette" "--no-sandbox" "--disable-dev-shm-usage" "-foreground" "-no-remote" "-profile" "/tmp/rust_mozprofileDMWkJF"
console.warn: SearchSettings: "get: No settings file exists, new profile?" (new Error("", "(unknown module)"))
1619470793698	Marionette	INFO	Listening on port 45847
1619470793742	Marionette	WARN	TLS certificate errors will be ignored for this session
1619470800319	Marionette	INFO	Stopped listening on port 45847
JavaScript error: resource://gre/modules/UrlClassifierListManager.jsm, line 691: TypeError: this.tablesData[table] is undefined
1619472681217	geckodriver	INFO	Listening on 127.0.0.1:56925
1619472682228	mozrunner::runner	INFO	Running command: "/usr/bin/firefox" "--marionette" "--no-sandbox" "--disable-dev-shm-usage" "-foreground" "-no-remote" "-profile" "/tmp/rust_mozprofileghkGOL"
console.warn: SearchSettings: "get: No settings file exists, new profile?" (new Error("", "(unknown module)"))
1619472686487	Marionette	INFO	Listening on port 39219
1619472686591	Marionette	WARN	TLS certificate errors will be ignored for this session
1619472693302	Marionette	INFO	Stopped listening on port 39219
1619472747376	geckodriver	INFO	Listening on 127.0.0.1:57513
1619472748386	mozrunner::runner	INFO	Running command: "/usr/bin/firefox" "--marionette" "--no-sandbox" "--disable-dev-shm-usage" "-foreground" "-no-remote" "-profile" "/tmp/rust_mozprofileVa3exa"
console.warn: SearchSettings: "get: No settings file exists, new profile?" (new Error("", "(unknown module)"))
1619472752678	Marionette	INFO	Listening on port 33617
1619472752729	Marionette	WARN	TLS certificate errors will be ignored for this session
JavaScript error: https://static-exp1.licdn.com/sc/h/gou6qda3x8bdh2k8t17uu6y4, line 1: Error: GoogleOneTapError display: unknown_reason
1619472770188	Marionette	INFO	Stopped listening on port 33617
1619473116620	geckodriver	INFO	Listening on 127.0.0.1:37751
1619473116627	mozrunner::runner	INFO	Running command: "/usr/bin/firefox" "--marionette" "--no-sandbox" "--disable-dev-shm-usage" "-foreground" "-no-remote" "-profile" "/tmp/rust_mozprofilenP5gAH"
console.warn: SearchSettings: "get: No settings file exists, new profile?" (new Error("", "(unknown module)"))
1619473120963	Marionette	INFO	Listening on port 43113
1619473121066	Marionette	WARN	TLS certificate errors will be ignored for this session
1619473138756	Marionette	INFO	Stopped listening on port 43113
1619473191118	geckodriver	INFO	Listening on 127.0.0.1:48609
1619473191125	mozrunner::runner	INFO	Running command: "/usr/bin/firefox" "--marionette" "--no-sandbox" "--disable-dev-shm-usage" "-foreground" "-no-remote" "-profile" "/tmp/rust_mozprofilebElkh5"
console.warn: SearchSettings: "get: No settings file exists, new profile?" (new Error("", "(unknown module)"))
1619473195297	Marionette	INFO	Listening on port 41995
1619473195401	Marionette	WARN	TLS certificate errors will be ignored for this session
1619473213565	Marionette	INFO	Stopped listening on port 41995
1619473261822	geckodriver	INFO	Listening on 127.0.0.1:47615
1619473262834	mozrunner::runner	INFO	Running command: "/usr/bin/firefox" "--marionette" "--no-sandbox" "--disable-dev-shm-usage" "-foreground" "-no-remote" "-profile" "/tmp/rust_mozprofileZFHHlg"
console.warn: SearchSettings: "get: No settings file exists, new profile?" (new Error("", "(unknown module)"))
1619473267291	Marionette	INFO	Listening on port 34903
1619473267378	Marionette	WARN	TLS certificate errors will be ignored for this session
1619473284798	Marionette	INFO	Stopped listening on port 34903

###!!! [Parent][RunMessage] Error: Channel closing: too late to send/recv, messages will be lost

1619473309793	geckodriver	INFO	Listening on 127.0.0.1:46935
1619473310803	mozrunner::runner	INFO	Running command: "/usr/bin/firefox" "--marionette" "--no-sandbox" "--disable-dev-shm-usage" "-foreground" "-no-remote" "-profile" "/tmp/rust_mozprofilex5fh7D"
console.warn: SearchSettings: "get: No settings file exists, new profile?" (new Error("", "(unknown module)"))
1619473315106	Marionette	INFO	Listening on port 37199
1619473315148	Marionette	WARN	TLS certificate errors will be ignored for this session
1619473332635	Marionette	INFO	Stopped listening on port 37199
1619474908841	geckodriver	INFO	Listening on 127.0.0.1:39199
1619474909855	mozrunner::runner	INFO	Running command: "/usr/bin/firefox" "--marionette" "-headless" "--no-sandbox" "--disable-dev-shm-usage" "-foreground" "-no-remote" "-profile" "/tmp/rust_mozprofileFz3Mlw"
*** You are running in headless mode.

(/usr/lib/firefox/firefox:15548): GLib-GObject-CRITICAL **: 00:08:30.927: g_object_set: assertion 'G_IS_OBJECT (object)' failed

(/usr/lib/firefox/firefox:15567): GLib-GObject-CRITICAL **: 00:08:31.085: g_object_set: assertion 'G_IS_OBJECT (object)' failed
console.warn: SearchSettings: "get: No settings file exists, new profile?" (new Error("", "(unknown module)"))
1619474913906	Marionette	INFO	Listening on port 37259

(/usr/lib/firefox/firefox:15632): GLib-GObject-CRITICAL **: 00:08:33.952: g_object_set: assertion 'G_IS_OBJECT (object)' failed
1619474913998	Marionette	WARN	TLS certificate errors will be ignored for this session
1619474946384	Marionette	INFO	Stopped listening on port 37259
JavaScript error: resource://gre/modules/Sqlite.jsm, line 927: Error: Connection is not open.

###!!! [Parent][RunMessage] Error: Channel closing: too late to send/recv, messages will be lost

1619475170380	geckodriver	INFO	Listening on 127.0.0.1:60665
1619475170387	mozrunner::runner	INFO	Running command: "/usr/bin/firefox" "--marionette" "-headless" "--no-sandbox" "--disable-dev-shm-usage" "-foreground" "-no-remote" "-profile" "/tmp/rust_mozprofileg8iul9"
*** You are running in headless mode.

(/usr/lib/firefox/firefox:15998): GLib-GObject-CRITICAL **: 00:12:51.494: g_object_set: assertion 'G_IS_OBJECT (object)' failed

(/usr/lib/firefox/firefox:16020): GLib-GObject-CRITICAL **: 00:12:51.677: g_object_set: assertion 'G_IS_OBJECT (object)' failed
console.warn: SearchSettings: "get: No settings file exists, new profile?" (new Error("", "(unknown module)"))
1619475174457	Marionette	INFO	Listening on port 46127

(/usr/lib/firefox/firefox:16084): GLib-GObject-CRITICAL **: 00:12:54.527: g_object_set: assertion 'G_IS_OBJECT (object)' failed
1619475174558	Marionette	WARN	TLS certificate errors will be ignored for this session
1619475207073	Marionette	INFO	Stopped listening on port 46127
JavaScript error: resource://gre/modules/Sqlite.jsm, line 927: Error: Connection is not open.

###!!! [Parent][RunMessage] Error: Channel closing: too late to send/recv, messages will be lost

1619477345968	geckodriver	INFO	Listening on 127.0.0.1:54077
1619477346982	mozrunner::runner	INFO	Running command: "/usr/bin/firefox" "--marionette" "-headless" "--no-sandbox" "--disable-dev-shm-usage" "-foreground" "-no-remote" "-profile" "/tmp/rust_mozprofileMP8bev"
*** You are running in headless mode.

(/usr/lib/firefox/firefox:17143): GLib-GObject-CRITICAL **: 00:49:08.072: g_object_set: assertion 'G_IS_OBJECT (object)' failed

(/usr/lib/firefox/firefox:17165): GLib-GObject-CRITICAL **: 00:49:08.286: g_object_set: assertion 'G_IS_OBJECT (object)' failed
console.warn: SearchSettings: "get: No settings file exists, new profile?" (new Error("", "(unknown module)"))
1619477351103	Marionette	INFO	Listening on port 43151

(/usr/lib/firefox/firefox:17228): GLib-GObject-CRITICAL **: 00:49:11.172: g_object_set: assertion 'G_IS_OBJECT (object)' failed
1619477351251	Marionette	WARN	TLS certificate errors will be ignored for this session
1619477383665	Marionette	INFO	Stopped listening on port 43151

###!!! [Child][MessageChannel] Error: (msgtype=0x5D0009,name=PHttpChannel::Msg_DeletingChannel) Channel closing: too late to send/recv, messages will be lost


###!!! [Child][RunMessage] Error: Channel closing: too late to send/recv, messages will be lost


###!!! [Child][RunMessage] Error: Channel closing: too late to send/recv, messages will be lost


###!!! [Child][MessageChannel] Error: (msgtype=0x5D0004,name=PHttpChannel::Msg_Cancel) Channel closing: too late to send/recv, messages will be lost


###!!! [Child][MessageChannel] Error: (msgtype=0x5D0009,name=PHttpChannel::Msg_DeletingChannel) Channel closing: too late to send/recv, messages will be lost

JavaScript error: resource://gre/modules/Sqlite.jsm, line 927: Error: Connection is not open.

###!!! [Parent][RunMessage] Error: Channel closing: too late to send/recv, messages will be lost


###!!! [Parent][RunMessage] Error: Channel closing: too late to send/recv, messages will be lost


###!!! [Parent][RunMessage] Error: Channel closing: too late to send/recv, messages will be lost

